#
# There is insufficient memory for the Java Runtime Environment to continue.
# Native memory allocation (malloc) failed to allocate 1048576 bytes for AllocateHeap
# Possible reasons:
#   The system is out of physical RAM or swap space
#   The process is running with CompressedOops enabled, and the Java Heap may be blocking the growth of the native heap
# Possible solutions:
#   Reduce memory load on the system
#   Increase physical memory or swap space
#   Check if swap backing store is full
#   Decrease Java heap size (-Xmx/-Xms)
#   Decrease number of Java threads
#   Decrease Java thread stack sizes (-Xss)
#   Set larger code cache with -XX:ReservedCodeCacheSize=
#   JVM is running with Unscaled Compressed Oops mode in which the Java heap is
#     placed in the first 4GB address space. The Java Heap base address is the
#     maximum limit for the native heap growth. Please use -XX:HeapBaseMinAddress
#     to set the Java Heap base and to place the Java Heap above 4GB virtual address.
# This output file may be truncated or incomplete.
#
#  Out of Memory Error (./src/hotspot/share/memory/allocation.cpp:46), pid=4456, tid=8768
#
# JRE version: OpenJDK Runtime Environment (11.0.11+9) (build 11.0.11+9-b60-7590822)
# Java VM: OpenJDK 64-Bit Server VM (11.0.11+9-b60-7590822, mixed mode, tiered, compressed oops, g1 gc, windows-amd64)
# No core dump will be written. Minidumps are not enabled by default on client versions of Windows
#

---------------  S U M M A R Y ------------

Command Line: --add-opens=java.base/java.util=ALL-UNNAMED --add-opens=java.base/java.lang=ALL-UNNAMED --add-opens=java.base/java.lang.invoke=ALL-UNNAMED --add-opens=java.base/java.util=ALL-UNNAMED --add-opens=java.prefs/java.util.prefs=ALL-UNNAMED --add-opens=java.prefs/java.util.prefs=ALL-UNNAMED --add-opens=java.base/java.nio.charset=ALL-UNNAMED --add-opens=java.base/java.net=ALL-UNNAMED --add-opens=java.base/java.util.concurrent.atomic=ALL-UNNAMED -Xmx2048m -Dfile.encoding=UTF-8 -Duser.country=RU -Duser.language=ru -Duser.variant org.gradle.launcher.daemon.bootstrap.GradleDaemon 7.2

Host: Intel(R) Core(TM) i5-2450M CPU @ 2.50GHz, 4 cores, 7G,  Windows 10 , 64 bit Build 19041 (10.0.19041.1889)
Time: Thu Oct  6 16:36:10 2022 Центральная Азия (зима) elapsed time: 25.784571 seconds (0d 0h 0m 25s)

---------------  T H R E A D  ---------------

Current thread (0x0000022520c56800):  VMThread "VM Thread" [stack: 0x00000055b3d00000,0x00000055b3e00000] [id=8768]

Stack: [0x00000055b3d00000,0x00000055b3e00000]
[error occurred during error reporting (printing stack bounds), id 0xc0000005, EXCEPTION_ACCESS_VIOLATION (0xc0000005) at pc=0x000002250a400f2d]

Native frames: (J=compiled Java code, j=interpreted, Vv=VM code, C=native code)
V  [jvm.dll+0x5f214a]
V  [jvm.dll+0x726fb5]
V  [jvm.dll+0x7285cd]
V  [jvm.dll+0x728be5]
V  [jvm.dll+0x728b9b]
V  [jvm.dll+0x5f14e8]
V  [jvm.dll+0x5f1c78]
C  [ntdll.dll+0xa235f]
C  [ntdll.dll+0x514a4]
C  [ntdll.dll+0xa0e8e]
C  0x000002250a400f2d

VM_Operation (0x00000055b50f5d30): CollectForMetadataAllocation, mode: safepoint, requested by thread 0x0000022522d4a000


---------------  P R O C E S S  ---------------

Threads class SMR info:
_java_thread_list=0x0000022523908f20, length=35, elements={
0x000002250511c000, 0x0000022520c5d800, 0x0000022520c61000, 0x0000022520c7f800,
0x0000022520c81800, 0x0000022520c82800, 0x0000022520c86000, 0x0000022520c89800,
0x0000022520c91800, 0x0000022521749800, 0x00000225222e8000, 0x0000022522e49000,
0x0000022522157800, 0x000002252254a800, 0x000002252414f800, 0x00000225223e9000,
0x0000022522d4a000, 0x0000022521fdd000, 0x0000022523771000, 0x0000022522543800,
0x000002252253f800, 0x0000022522542800, 0x0000022522545000, 0x0000022522542000,
0x0000022522544000, 0x0000022522546000, 0x0000022522540000, 0x0000022522541000,
0x0000022524a1a800, 0x0000022524a18800, 0x0000022524a1f000, 0x0000022524a1e000,
0x0000022524a1d000, 0x0000022524a19000, 0x0000022524a24800
}

Java Threads: ( => current thread )
  0x000002250511c000 JavaThread "main" [_thread_blocked, id=7704, stack(0x00000055b3700000,0x00000055b3800000)]
  0x0000022520c5d800 JavaThread "Reference Handler" daemon [_thread_blocked, id=10460, stack(0x00000055b3e00000,0x00000055b3f00000)]
  0x0000022520c61000 JavaThread "Finalizer" daemon [_thread_blocked, id=376, stack(0x00000055b3f00000,0x00000055b4000000)]
  0x0000022520c7f800 JavaThread "Signal Dispatcher" daemon [_thread_blocked, id=1344, stack(0x00000055b4000000,0x00000055b4100000)]
  0x0000022520c81800 JavaThread "Attach Listener" daemon [_thread_blocked, id=7636, stack(0x00000055b4100000,0x00000055b4200000)]
  0x0000022520c82800 JavaThread "Service Thread" daemon [_thread_blocked, id=10700, stack(0x00000055b4200000,0x00000055b4300000)]
  0x0000022520c86000 JavaThread "C2 CompilerThread0" daemon [_thread_blocked, id=9168, stack(0x00000055b4300000,0x00000055b4400000)]
  0x0000022520c89800 JavaThread "C1 CompilerThread0" daemon [_thread_blocked, id=6528, stack(0x00000055b4400000,0x00000055b4500000)]
  0x0000022520c91800 JavaThread "Sweeper thread" daemon [_thread_blocked, id=8084, stack(0x00000055b4500000,0x00000055b4600000)]
  0x0000022521749800 JavaThread "Common-Cleaner" daemon [_thread_blocked, id=9304, stack(0x00000055b4600000,0x00000055b4700000)]
  0x00000225222e8000 JavaThread "Daemon health stats" [_thread_blocked, id=7556, stack(0x00000055b4800000,0x00000055b4900000)]
  0x0000022522e49000 JavaThread "Incoming local TCP Connector on port 58582" [_thread_in_native, id=7912, stack(0x00000055b4b00000,0x00000055b4c00000)]
  0x0000022522157800 JavaThread "Daemon periodic checks" [_thread_blocked, id=8680, stack(0x00000055b4c00000,0x00000055b4d00000)]
  0x000002252254a800 JavaThread "Daemon" [_thread_blocked, id=11828, stack(0x00000055b4d00000,0x00000055b4e00000)]
  0x000002252414f800 JavaThread "Handler for socket connection from /127.0.0.1:58582 to /127.0.0.1:58583" [_thread_in_native, id=10132, stack(0x00000055b4e00000,0x00000055b4f00000)]
  0x00000225223e9000 JavaThread "Cancel handler" [_thread_blocked, id=9404, stack(0x00000055b4f00000,0x00000055b5000000)]
  0x0000022522d4a000 JavaThread "Daemon worker" [_thread_blocked, id=12136, stack(0x00000055b5000000,0x00000055b5100000)]
  0x0000022521fdd000 JavaThread "Asynchronous log dispatcher for DefaultDaemonConnection: socket connection from /127.0.0.1:58582 to /127.0.0.1:58583" [_thread_blocked, id=3044, stack(0x00000055b5100000,0x00000055b5200000)]
  0x0000022523771000 JavaThread "Stdin handler" [_thread_blocked, id=1320, stack(0x00000055b5200000,0x00000055b5300000)]
  0x0000022522543800 JavaThread "Daemon client event forwarder" [_thread_blocked, id=9912, stack(0x00000055b5300000,0x00000055b5400000)]
  0x000002252253f800 JavaThread "Cache worker for journal cache (C:\Users\Admin\.gradle\caches\journal-1)" [_thread_blocked, id=10892, stack(0x00000055b5500000,0x00000055b5600000)]
  0x0000022522542800 JavaThread "File lock request listener" [_thread_in_native, id=2532, stack(0x00000055b5600000,0x00000055b5700000)]
  0x0000022522545000 JavaThread "Cache worker for file hash cache (C:\Users\Admin\.gradle\caches\7.2\fileHashes)" [_thread_blocked, id=10788, stack(0x00000055b5700000,0x00000055b5800000)]
  0x0000022522542000 JavaThread "Cache worker for file hash cache (C:\Users\Admin\Desktop\4thMonthLesson1-master\.gradle\7.2\fileHashes)" [_thread_blocked, id=1092, stack(0x00000055b5800000,0x00000055b5900000)]
  0x0000022522544000 JavaThread "File watcher server" daemon [_thread_in_native, id=6424, stack(0x00000055b5900000,0x00000055b5a00000)]
  0x0000022522546000 JavaThread "File watcher consumer" daemon [_thread_blocked, id=5768, stack(0x00000055b5a00000,0x00000055b5b00000)]
  0x0000022522540000 JavaThread "Cache worker for checksums cache (C:\Users\Admin\Desktop\4thMonthLesson1-master\.gradle\checksums)" [_thread_blocked, id=7576, stack(0x00000055b5b00000,0x00000055b5c00000)]
  0x0000022522541000 JavaThread "Cache worker for cache directory md-supplier (C:\Users\Admin\.gradle\caches\7.2\md-supplier)" [_thread_blocked, id=436, stack(0x00000055b5c00000,0x00000055b5d00000)]
  0x0000022524a1a800 JavaThread "Cache worker for cache directory md-rule (C:\Users\Admin\.gradle\caches\7.2\md-rule)" [_thread_blocked, id=7384, stack(0x00000055b5d00000,0x00000055b5e00000)]
  0x0000022524a18800 JavaThread "Cache worker for execution history cache (C:\Users\Admin\.gradle\caches\7.2\executionHistory)" [_thread_blocked, id=10248, stack(0x00000055b5e00000,0x00000055b5f00000)]
  0x0000022524a1f000 JavaThread "jar transforms" [_thread_blocked, id=4704, stack(0x00000055b5f00000,0x00000055b6000000)]
  0x0000022524a1e000 JavaThread "Cache worker for file content cache (C:\Users\Admin\.gradle\caches\7.2\fileContent)" [_thread_blocked, id=11676, stack(0x00000055b6000000,0x00000055b6100000)]
  0x0000022524a1d000 JavaThread "jar transforms Thread 2" [_thread_blocked, id=7644, stack(0x00000055b6100000,0x00000055b6200000)]
  0x0000022524a19000 JavaThread "Cache worker for dependencies-accessors (C:\Users\Admin\Desktop\4thMonthLesson1-master\.gradle\7.2\dependencies-accessors)" [_thread_blocked, id=11580, stack(0x00000055b6200000,0x00000055b6300000)]
  0x0000022524a24800 JavaThread "jar transforms Thread 3" [_thread_blocked, id=10216, stack(0x00000055b6300000,0x00000055b6400000)]

Other Threads:
=>0x0000022520c56800 VMThread "VM Thread" [stack: 0x00000055b3d00000,0x00000055b3e00000] [id=8768]
  0x0000022521743000 WatcherThread [stack: 0x00000055b4700000,0x00000055b4800000] [id=10152]
  0x0000022505134800 GCTaskThread "GC Thread#0" [stack: 0x00000055b3800000,0x00000055b3900000] [id=5008]
  0x0000022522125800 GCTaskThread "GC Thread#1" [stack: 0x00000055b4900000,0x00000055b4a00000] [id=6716]
  0x0000022521f6e000 GCTaskThread "GC Thread#2" [stack: 0x00000055b4a00000,0x00000055b4b00000] [id=4184]
  0x00000225216f1000 GCTaskThread "GC Thread#3" [stack: 0x00000055b5400000,0x00000055b5500000] [id=9860]
  0x0000022505168000 ConcurrentGCThread "G1 Main Marker" [stack: 0x00000055b3900000,0x00000055b3a00000] [id=748]
  0x0000022505169000 ConcurrentGCThread "G1 Conc#0" [stack: 0x00000055b3a00000,0x00000055b3b00000] [id=9832]
  0x00000225051f6800 ConcurrentGCThread "G1 Refine#0" [stack: 0x00000055b3b00000,0x00000055b3c00000] [id=10308]
  0x00000225051f7800 ConcurrentGCThread "G1 Young RemSet Sampling" [stack: 0x00000055b3c00000,0x00000055b3d00000] [id=10996]

Threads with active compile tasks:

VM state:at safepoint (normal execution)

VM Mutex/Monitor currently owned by a thread:  ([mutex/lock_event])
[0x00000225051179d0] Threads_lock - owner thread: 0x0000022520c56800
[0x0000022505119170] Heap_lock - owner thread: 0x0000022522d4a000

Heap address: 0x0000000080000000, size: 2048 MB, Compressed Oops mode: 32-bit
Narrow klass base: 0x0000000000000000, Narrow klass shift: 3
Compressed class space size: 1073741824 Address: 0x0000000100000000

Heap:
 garbage-first heap   total 157696K, used 30349K [0x0000000080000000, 0x0000000100000000)
  region size 1024K, 3 young (3072K), 3 survivors (3072K)
 Metaspace       used 46238K, capacity 47247K, committed 47312K, reserved 1097728K
  class space    used 5940K, capacity 6364K, committed 6400K, reserved 1048576K
Heap Regions: E=young(eden), S=young(survivor), O=old, HS=humongous(starts), HC=humongous(continues), CS=collection set, F=free, A=archive, TAMS=top-at-mark-start (previous, next)
|   0|0x0000000080000000, 0x0000000080100000, 0x0000000080100000|100%| O|  |TAMS 0x0000000080100000, 0x0000000080100000| Untracked 
|   1|0x0000000080100000, 0x0000000080200000, 0x0000000080200000|100%| O|  |TAMS 0x0000000080200000, 0x0000000080200000| Untracked 
|   2|0x0000000080200000, 0x0000000080300000, 0x0000000080300000|100%| O|  |TAMS 0x0000000080300000, 0x0000000080300000| Untracked 
|   3|0x0000000080300000, 0x0000000080400000, 0x0000000080400000|100%|HS|  |TAMS 0x0000000080400000, 0x0000000080400000| Complete 
|   4|0x0000000080400000, 0x0000000080500000, 0x0000000080500000|100%|HC|  |TAMS 0x0000000080500000, 0x0000000080500000| Complete 
|   5|0x0000000080500000, 0x0000000080600000, 0x0000000080600000|100%|HC|  |TAMS 0x0000000080600000, 0x0000000080600000| Complete 
|   6|0x0000000080600000, 0x0000000080700000, 0x0000000080700000|100%| O|  |TAMS 0x0000000080700000, 0x0000000080700000| Untracked 
|   7|0x0000000080700000, 0x0000000080800000, 0x0000000080800000|100%| O|  |TAMS 0x0000000080800000, 0x0000000080800000| Untracked 
|   8|0x0000000080800000, 0x0000000080900000, 0x0000000080900000|100%| O|  |TAMS 0x0000000080900000, 0x0000000080900000| Untracked 
|   9|0x0000000080900000, 0x0000000080a00000, 0x0000000080a00000|100%| O|  |TAMS 0x0000000080a00000, 0x0000000080a00000| Untracked 
|  10|0x0000000080a00000, 0x0000000080b00000, 0x0000000080b00000|100%| O|  |TAMS 0x0000000080b00000, 0x0000000080b00000| Untracked 
|  11|0x0000000080b00000, 0x0000000080c00000, 0x0000000080c00000|100%| O|  |TAMS 0x0000000080c00000, 0x0000000080c00000| Untracked 
|  12|0x0000000080c00000, 0x0000000080d00000, 0x0000000080d00000|100%| O|  |TAMS 0x0000000080d00000, 0x0000000080d00000| Untracked 
|  13|0x0000000080d00000, 0x0000000080e00000, 0x0000000080e00000|100%| O|  |TAMS 0x0000000080e00000, 0x0000000080e00000| Untracked 
|  14|0x0000000080e00000, 0x0000000080f00000, 0x0000000080f00000|100%| O|  |TAMS 0x0000000080f00000, 0x0000000080f00000| Untracked 
|  15|0x0000000080f00000, 0x0000000081000000, 0x0000000081000000|100%| O|  |TAMS 0x0000000081000000, 0x0000000081000000| Untracked 
|  16|0x0000000081000000, 0x0000000081100000, 0x0000000081100000|100%| O|  |TAMS 0x0000000081100000, 0x0000000081100000| Untracked 
|  17|0x0000000081100000, 0x0000000081200000, 0x0000000081200000|100%| O|  |TAMS 0x000000008113fa00, 0x0000000081200000| Untracked 
|  18|0x0000000081200000, 0x0000000081200000, 0x0000000081300000|  0%| F|  |TAMS 0x0000000081200000, 0x0000000081200000| Untracked 
|  19|0x0000000081300000, 0x0000000081400000, 0x0000000081400000|100%| O|  |TAMS 0x0000000081300000, 0x0000000081400000| Untracked 
|  20|0x0000000081400000, 0x0000000081500000, 0x0000000081500000|100%| O|  |TAMS 0x0000000081400000, 0x0000000081500000| Untracked 
|  21|0x0000000081500000, 0x0000000081600000, 0x0000000081600000|100%| O|  |TAMS 0x0000000081500000, 0x0000000081600000| Untracked 
|  22|0x0000000081600000, 0x0000000081700000, 0x0000000081700000|100%| O|  |TAMS 0x0000000081600000, 0x0000000081700000| Untracked 
|  23|0x0000000081700000, 0x0000000081800000, 0x0000000081800000|100%| O|  |TAMS 0x0000000081700000, 0x0000000081800000| Untracked 
|  24|0x0000000081800000, 0x0000000081900000, 0x0000000081900000|100%| O|  |TAMS 0x0000000081800000, 0x0000000081900000| Untracked 
|  25|0x0000000081900000, 0x0000000081a00000, 0x0000000081a00000|100%| O|  |TAMS 0x0000000081900000, 0x0000000081a00000| Untracked 
|  26|0x0000000081a00000, 0x0000000081b00000, 0x0000000081b00000|100%| O|  |TAMS 0x0000000081a00000, 0x0000000081b00000| Untracked 
|  27|0x0000000081b00000, 0x0000000081c00000, 0x0000000081c00000|100%| O|  |TAMS 0x0000000081b00000, 0x0000000081c00000| Untracked 
|  28|0x0000000081c00000, 0x0000000081c50000, 0x0000000081d00000| 31%| O|  |TAMS 0x0000000081c00000, 0x0000000081c50000| Untracked 
|  29|0x0000000081d00000, 0x0000000081d00000, 0x0000000081e00000|  0%| F|  |TAMS 0x0000000081d00000, 0x0000000081d00000| Untracked 
|  30|0x0000000081e00000, 0x0000000081e00000, 0x0000000081f00000|  0%| F|  |TAMS 0x0000000081e00000, 0x0000000081e00000| Untracked 
|  31|0x0000000081f00000, 0x0000000081f00000, 0x0000000082000000|  0%| F|  |TAMS 0x0000000081f00000, 0x0000000081f00000| Untracked 
|  32|0x0000000082000000, 0x0000000082000000, 0x0000000082100000|  0%| F|  |TAMS 0x0000000082000000, 0x0000000082000000| Untracked 
|  33|0x0000000082100000, 0x0000000082100000, 0x0000000082200000|  0%| F|  |TAMS 0x0000000082100000, 0x0000000082100000| Untracked 
|  34|0x0000000082200000, 0x0000000082200000, 0x0000000082300000|  0%| F|  |TAMS 0x0000000082200000, 0x0000000082200000| Untracked 
|  35|0x0000000082300000, 0x0000000082300000, 0x0000000082400000|  0%| F|  |TAMS 0x0000000082300000, 0x0000000082300000| Untracked 
|  36|0x0000000082400000, 0x0000000082400000, 0x0000000082500000|  0%| F|  |TAMS 0x0000000082400000, 0x0000000082400000| Untracked 
|  37|0x0000000082500000, 0x0000000082500000, 0x0000000082600000|  0%| F|  |TAMS 0x0000000082500000, 0x0000000082500000| Untracked 
|  38|0x0000000082600000, 0x0000000082600000, 0x0000000082700000|  0%| F|  |TAMS 0x0000000082600000, 0x0000000082600000| Untracked 
|  39|0x0000000082700000, 0x0000000082700000, 0x0000000082800000|  0%| F|  |TAMS 0x0000000082700000, 0x0000000082700000| Untracked 
|  40|0x0000000082800000, 0x0000000082800000, 0x0000000082900000|  0%| F|  |TAMS 0x0000000082800000, 0x0000000082800000| Untracked 
|  41|0x0000000082900000, 0x0000000082900000, 0x0000000082a00000|  0%| F|  |TAMS 0x0000000082900000, 0x0000000082900000| Untracked 
|  42|0x0000000082a00000, 0x0000000082a00000, 0x0000000082b00000|  0%| F|  |TAMS 0x0000000082a00000, 0x0000000082a00000| Untracked 
|  43|0x0000000082b00000, 0x0000000082b00000, 0x0000000082c00000|  0%| F|  |TAMS 0x0000000082b00000, 0x0000000082b00000| Untracked 
|  44|0x0000000082c00000, 0x0000000082c00000, 0x0000000082d00000|  0%| F|  |TAMS 0x0000000082c00000, 0x0000000082c00000| Untracked 
|  45|0x0000000082d00000, 0x0000000082d00000, 0x0000000082e00000|  0%| F|  |TAMS 0x0000000082d00000, 0x0000000082d00000| Untracked 
|  46|0x0000000082e00000, 0x0000000082e00000, 0x0000000082f00000|  0%| F|  |TAMS 0x0000000082e00000, 0x0000000082e00000| Untracked 
|  47|0x0000000082f00000, 0x0000000082f00000, 0x0000000083000000|  0%| F|  |TAMS 0x0000000082f00000, 0x0000000082f00000| Untracked 
|  48|0x0000000083000000, 0x0000000083000000, 0x0000000083100000|  0%| F|  |TAMS 0x0000000083000000, 0x0000000083000000| Untracked 
|  49|0x0000000083100000, 0x0000000083100000, 0x0000000083200000|  0%| F|  |TAMS 0x0000000083100000, 0x0000000083100000| Untracked 
|  50|0x0000000083200000, 0x0000000083200000, 0x0000000083300000|  0%| F|  |TAMS 0x0000000083200000, 0x0000000083200000| Untracked 
|  51|0x0000000083300000, 0x0000000083300000, 0x0000000083400000|  0%| F|  |TAMS 0x0000000083300000, 0x0000000083300000| Untracked 
|  52|0x0000000083400000, 0x0000000083400000, 0x0000000083500000|  0%| F|  |TAMS 0x0000000083400000, 0x0000000083400000| Untracked 
|  53|0x0000000083500000, 0x0000000083500000, 0x0000000083600000|  0%| F|  |TAMS 0x0000000083500000, 0x0000000083500000| Untracked 
|  54|0x0000000083600000, 0x0000000083600000, 0x0000000083700000|  0%| F|  |TAMS 0x0000000083600000, 0x0000000083600000| Untracked 
|  55|0x0000000083700000, 0x0000000083700000, 0x0000000083800000|  0%| F|  |TAMS 0x0000000083700000, 0x0000000083700000| Untracked 
|  56|0x0000000083800000, 0x0000000083800000, 0x0000000083900000|  0%| F|  |TAMS 0x0000000083800000, 0x0000000083800000| Untracked 
|  57|0x0000000083900000, 0x0000000083900000, 0x0000000083a00000|  0%| F|  |TAMS 0x0000000083900000, 0x0000000083900000| Untracked 
|  58|0x0000000083a00000, 0x0000000083a00000, 0x0000000083b00000|  0%| F|  |TAMS 0x0000000083a00000, 0x0000000083a00000| Untracked 
|  59|0x0000000083b00000, 0x0000000083b00000, 0x0000000083c00000|  0%| F|  |TAMS 0x0000000083b00000, 0x0000000083b00000| Untracked 
|  60|0x0000000083c00000, 0x0000000083c00000, 0x0000000083d00000|  0%| F|  |TAMS 0x0000000083c00000, 0x0000000083c00000| Untracked 
|  61|0x0000000083d00000, 0x0000000083d00000, 0x0000000083e00000|  0%| F|  |TAMS 0x0000000083d00000, 0x0000000083d00000| Untracked 
|  62|0x0000000083e00000, 0x0000000083e00000, 0x0000000083f00000|  0%| F|  |TAMS 0x0000000083e00000, 0x0000000083e00000| Untracked 
|  63|0x0000000083f00000, 0x0000000083f00000, 0x0000000084000000|  0%| F|  |TAMS 0x0000000083f00000, 0x0000000083f00000| Untracked 
|  64|0x0000000084000000, 0x0000000084000000, 0x0000000084100000|  0%| F|  |TAMS 0x0000000084000000, 0x0000000084000000| Untracked 
|  65|0x0000000084100000, 0x0000000084100000, 0x0000000084200000|  0%| F|  |TAMS 0x0000000084100000, 0x0000000084100000| Untracked 
|  66|0x0000000084200000, 0x0000000084200000, 0x0000000084300000|  0%| F|  |TAMS 0x0000000084200000, 0x0000000084200000| Untracked 
|  67|0x0000000084300000, 0x0000000084300000, 0x0000000084400000|  0%| F|  |TAMS 0x0000000084300000, 0x0000000084300000| Untracked 
|  68|0x0000000084400000, 0x0000000084400000, 0x0000000084500000|  0%| F|  |TAMS 0x0000000084400000, 0x0000000084400000| Untracked 
|  69|0x0000000084500000, 0x0000000084500000, 0x0000000084600000|  0%| F|  |TAMS 0x0000000084500000, 0x0000000084500000| Untracked 
|  70|0x0000000084600000, 0x0000000084600000, 0x0000000084700000|  0%| F|  |TAMS 0x0000000084600000, 0x0000000084600000| Untracked 
|  71|0x0000000084700000, 0x0000000084700000, 0x0000000084800000|  0%| F|  |TAMS 0x0000000084700000, 0x0000000084700000| Untracked 
|  72|0x0000000084800000, 0x0000000084800000, 0x0000000084900000|  0%| F|  |TAMS 0x0000000084800000, 0x0000000084800000| Untracked 
|  73|0x0000000084900000, 0x0000000084900000, 0x0000000084a00000|  0%| F|  |TAMS 0x0000000084900000, 0x0000000084900000| Untracked 
|  74|0x0000000084a00000, 0x0000000084a00000, 0x0000000084b00000|  0%| F|  |TAMS 0x0000000084a00000, 0x0000000084a00000| Untracked 
|  75|0x0000000084b00000, 0x0000000084b00000, 0x0000000084c00000|  0%| F|  |TAMS 0x0000000084b00000, 0x0000000084b00000| Untracked 
|  76|0x0000000084c00000, 0x0000000084c00000, 0x0000000084d00000|  0%| F|  |TAMS 0x0000000084c00000, 0x0000000084c00000| Untracked 
|  77|0x0000000084d00000, 0x0000000084d00000, 0x0000000084e00000|  0%| F|  |TAMS 0x0000000084d00000, 0x0000000084d00000| Untracked 
|  78|0x0000000084e00000, 0x0000000084e00000, 0x0000000084f00000|  0%| F|  |TAMS 0x0000000084e00000, 0x0000000084e00000| Untracked 
|  79|0x0000000084f00000, 0x0000000084f00000, 0x0000000085000000|  0%| F|  |TAMS 0x0000000084f00000, 0x0000000084f00000| Untracked 
|  80|0x0000000085000000, 0x0000000085000000, 0x0000000085100000|  0%| F|  |TAMS 0x0000000085000000, 0x0000000085000000| Untracked 
|  81|0x0000000085100000, 0x0000000085100000, 0x0000000085200000|  0%| F|  |TAMS 0x0000000085100000, 0x0000000085100000| Untracked 
|  82|0x0000000085200000, 0x0000000085200000, 0x0000000085300000|  0%| F|  |TAMS 0x0000000085200000, 0x0000000085200000| Untracked 
|  83|0x0000000085300000, 0x0000000085300000, 0x0000000085400000|  0%| F|  |TAMS 0x0000000085300000, 0x0000000085300000| Untracked 
|  84|0x0000000085400000, 0x0000000085400000, 0x0000000085500000|  0%| F|  |TAMS 0x0000000085400000, 0x0000000085400000| Untracked 
|  85|0x0000000085500000, 0x0000000085500000, 0x0000000085600000|  0%| F|  |TAMS 0x0000000085500000, 0x0000000085500000| Untracked 
|  86|0x0000000085600000, 0x0000000085600000, 0x0000000085700000|  0%| F|  |TAMS 0x0000000085600000, 0x0000000085600000| Untracked 
|  87|0x0000000085700000, 0x0000000085700000, 0x0000000085800000|  0%| F|  |TAMS 0x0000000085700000, 0x0000000085700000| Untracked 
|  88|0x0000000085800000, 0x0000000085800000, 0x0000000085900000|  0%| F|  |TAMS 0x0000000085800000, 0x0000000085800000| Untracked 
|  89|0x0000000085900000, 0x0000000085900000, 0x0000000085a00000|  0%| F|  |TAMS 0x0000000085900000, 0x0000000085900000| Untracked 
|  90|0x0000000085a00000, 0x0000000085a00000, 0x0000000085b00000|  0%| F|  |TAMS 0x0000000085a00000, 0x0000000085a00000| Untracked 
|  91|0x0000000085b00000, 0x0000000085b00000, 0x0000000085c00000|  0%| F|  |TAMS 0x0000000085b00000, 0x0000000085b00000| Untracked 
|  92|0x0000000085c00000, 0x0000000085c00000, 0x0000000085d00000|  0%| F|  |TAMS 0x0000000085c00000, 0x0000000085c00000| Untracked 
|  93|0x0000000085d00000, 0x0000000085d00000, 0x0000000085e00000|  0%| F|  |TAMS 0x0000000085d00000, 0x0000000085d00000| Untracked 
|  94|0x0000000085e00000, 0x0000000085e00000, 0x0000000085f00000|  0%| F|  |TAMS 0x0000000085e00000, 0x0000000085e00000| Untracked 
|  95|0x0000000085f00000, 0x0000000085f00000, 0x0000000086000000|  0%| F|  |TAMS 0x0000000085f00000, 0x0000000085f00000| Untracked 
|  96|0x0000000086000000, 0x0000000086000000, 0x0000000086100000|  0%| F|  |TAMS 0x0000000086000000, 0x0000000086000000| Untracked 
|  97|0x0000000086100000, 0x0000000086100000, 0x0000000086200000|  0%| F|  |TAMS 0x0000000086100000, 0x0000000086100000| Untracked 
|  98|0x0000000086200000, 0x0000000086200000, 0x0000000086300000|  0%| F|  |TAMS 0x0000000086200000, 0x0000000086200000| Untracked 
|  99|0x0000000086300000, 0x0000000086300000, 0x0000000086400000|  0%| F|  |TAMS 0x0000000086300000, 0x0000000086300000| Untracked 
| 100|0x0000000086400000, 0x0000000086400000, 0x0000000086500000|  0%| F|  |TAMS 0x0000000086400000, 0x0000000086400000| Untracked 
| 101|0x0000000086500000, 0x0000000086500000, 0x0000000086600000|  0%| F|  |TAMS 0x0000000086500000, 0x0000000086500000| Untracked 
| 102|0x0000000086600000, 0x0000000086600000, 0x0000000086700000|  0%| F|  |TAMS 0x0000000086600000, 0x0000000086600000| Untracked 
| 103|0x0000000086700000, 0x0000000086700000, 0x0000000086800000|  0%| F|  |TAMS 0x0000000086700000, 0x0000000086700000| Untracked 
| 104|0x0000000086800000, 0x0000000086800000, 0x0000000086900000|  0%| F|  |TAMS 0x0000000086800000, 0x0000000086800000| Untracked 
| 105|0x0000000086900000, 0x0000000086900000, 0x0000000086a00000|  0%| F|  |TAMS 0x0000000086900000, 0x0000000086900000| Untracked 
| 106|0x0000000086a00000, 0x0000000086a00000, 0x0000000086b00000|  0%| F|  |TAMS 0x0000000086a00000, 0x0000000086a00000| Untracked 
| 107|0x0000000086b00000, 0x0000000086b00000, 0x0000000086c00000|  0%| F|  |TAMS 0x0000000086b00000, 0x0000000086b00000| Untracked 
| 108|0x0000000086c00000, 0x0000000086c00000, 0x0000000086d00000|  0%| F|  |TAMS 0x0000000086c00000, 0x0000000086c00000| Untracked 
| 109|0x0000000086d00000, 0x0000000086d00000, 0x0000000086e00000|  0%| F|  |TAMS 0x0000000086d00000, 0x0000000086d00000| Untracked 
| 110|0x0000000086e00000, 0x0000000086e00000, 0x0000000086f00000|  0%| F|  |TAMS 0x0000000086e00000, 0x0000000086e00000| Untracked 
| 111|0x0000000086f00000, 0x0000000086f00000, 0x0000000087000000|  0%| F|  |TAMS 0x0000000086f00000, 0x0000000086f00000| Untracked 
| 112|0x0000000087000000, 0x0000000087000000, 0x0000000087100000|  0%| F|  |TAMS 0x0000000087000000, 0x0000000087000000| Untracked 
| 113|0x0000000087100000, 0x0000000087100000, 0x0000000087200000|  0%| F|  |TAMS 0x0000000087100000, 0x0000000087100000| Untracked 
| 114|0x0000000087200000, 0x0000000087200000, 0x0000000087300000|  0%| F|  |TAMS 0x0000000087200000, 0x0000000087200000| Untracked 
| 115|0x0000000087300000, 0x0000000087300000, 0x0000000087400000|  0%| F|  |TAMS 0x0000000087300000, 0x0000000087300000| Untracked 
| 116|0x0000000087400000, 0x0000000087400000, 0x0000000087500000|  0%| F|  |TAMS 0x0000000087400000, 0x0000000087400000| Untracked 
| 117|0x0000000087500000, 0x0000000087500000, 0x0000000087600000|  0%| F|  |TAMS 0x0000000087500000, 0x0000000087500000| Untracked 
| 118|0x0000000087600000, 0x0000000087600000, 0x0000000087700000|  0%| F|  |TAMS 0x0000000087600000, 0x0000000087600000| Untracked 
| 119|0x0000000087700000, 0x0000000087700000, 0x0000000087800000|  0%| F|  |TAMS 0x0000000087700000, 0x0000000087700000| Untracked 
| 120|0x0000000087800000, 0x0000000087800000, 0x0000000087900000|  0%| F|  |TAMS 0x0000000087800000, 0x0000000087800000| Untracked 
| 121|0x0000000087900000, 0x0000000087900000, 0x0000000087a00000|  0%| F|  |TAMS 0x0000000087900000, 0x0000000087900000| Untracked 
| 122|0x0000000087a00000, 0x0000000087a00000, 0x0000000087b00000|  0%| F|  |TAMS 0x0000000087a00000, 0x0000000087a00000| Untracked 
| 123|0x0000000087b00000, 0x0000000087b00000, 0x0000000087c00000|  0%| F|  |TAMS 0x0000000087b00000, 0x0000000087b00000| Untracked 
| 124|0x0000000087c00000, 0x0000000087c00000, 0x0000000087d00000|  0%| F|  |TAMS 0x0000000087c00000, 0x0000000087c00000| Untracked 
| 125|0x0000000087d00000, 0x0000000087d00000, 0x0000000087e00000|  0%| F|  |TAMS 0x0000000087d00000, 0x0000000087d00000| Untracked 
| 126|0x0000000087e00000, 0x0000000087e00000, 0x0000000087f00000|  0%| F|  |TAMS 0x0000000087e00000, 0x0000000087e00000| Untracked 
| 127|0x0000000087f00000, 0x0000000087f00000, 0x0000000088000000|  0%| F|  |TAMS 0x0000000087f00000, 0x0000000087f00000| Untracked 
| 128|0x0000000088000000, 0x0000000088000000, 0x0000000088100000|  0%| F|  |TAMS 0x0000000088000000, 0x0000000088000000| Untracked 
| 129|0x0000000088100000, 0x0000000088100000, 0x0000000088200000|  0%| F|  |TAMS 0x0000000088100000, 0x0000000088100000| Untracked 
| 130|0x0000000088200000, 0x0000000088200000, 0x0000000088300000|  0%| F|  |TAMS 0x0000000088200000, 0x0000000088200000| Untracked 
| 131|0x0000000088300000, 0x0000000088300000, 0x0000000088400000|  0%| F|  |TAMS 0x0000000088300000, 0x0000000088300000| Untracked 
| 132|0x0000000088400000, 0x0000000088400000, 0x0000000088500000|  0%| F|  |TAMS 0x0000000088400000, 0x0000000088400000| Untracked 
| 133|0x0000000088500000, 0x0000000088500000, 0x0000000088600000|  0%| F|  |TAMS 0x0000000088500000, 0x0000000088500000| Untracked 
| 134|0x0000000088600000, 0x0000000088600000, 0x0000000088700000|  0%| F|  |TAMS 0x0000000088600000, 0x0000000088600000| Untracked 
| 135|0x0000000088700000, 0x0000000088700000, 0x0000000088800000|  0%| F|  |TAMS 0x0000000088700000, 0x0000000088700000| Untracked 
| 136|0x0000000088800000, 0x0000000088800000, 0x0000000088900000|  0%| F|  |TAMS 0x0000000088800000, 0x0000000088800000| Untracked 
| 137|0x0000000088900000, 0x0000000088900000, 0x0000000088a00000|  0%| F|  |TAMS 0x0000000088900000, 0x0000000088900000| Untracked 
| 138|0x0000000088a00000, 0x0000000088a00000, 0x0000000088b00000|  0%| F|  |TAMS 0x0000000088a00000, 0x0000000088a00000| Untracked 
| 139|0x0000000088b00000, 0x0000000088b00000, 0x0000000088c00000|  0%| F|  |TAMS 0x0000000088b00000, 0x0000000088b00000| Untracked 
| 140|0x0000000088c00000, 0x0000000088c00000, 0x0000000088d00000|  0%| F|  |TAMS 0x0000000088c00000, 0x0000000088c00000| Untracked 
| 141|0x0000000088d00000, 0x0000000088d00000, 0x0000000088e00000|  0%| F|  |TAMS 0x0000000088d00000, 0x0000000088d00000| Untracked 
| 142|0x0000000088e00000, 0x0000000088e00000, 0x0000000088f00000|  0%| F|  |TAMS 0x0000000088e00000, 0x0000000088e00000| Untracked 
| 143|0x0000000088f00000, 0x0000000088f53660, 0x0000000089000000| 32%| S|CS|TAMS 0x0000000088f00000, 0x0000000088f00000| Complete 
| 144|0x0000000089000000, 0x0000000089100000, 0x0000000089100000|100%| S|CS|TAMS 0x0000000089000000, 0x0000000089000000| Complete 
| 145|0x0000000089100000, 0x0000000089200000, 0x0000000089200000|100%| S|CS|TAMS 0x0000000089100000, 0x0000000089100000| Complete 
| 146|0x0000000089200000, 0x0000000089200000, 0x0000000089300000|  0%| F|  |TAMS 0x0000000089200000, 0x0000000089200000| Untracked 
| 147|0x0000000089300000, 0x0000000089300000, 0x0000000089400000|  0%| F|  |TAMS 0x0000000089300000, 0x0000000089300000| Untracked 
| 148|0x0000000089400000, 0x0000000089400000, 0x0000000089500000|  0%| F|  |TAMS 0x0000000089400000, 0x0000000089400000| Untracked 
| 149|0x0000000089500000, 0x0000000089500000, 0x0000000089600000|  0%| F|  |TAMS 0x0000000089500000, 0x0000000089500000| Untracked 
| 150|0x0000000089600000, 0x0000000089600000, 0x0000000089700000|  0%| F|  |TAMS 0x0000000089600000, 0x0000000089600000| Untracked 
| 151|0x0000000089700000, 0x0000000089700000, 0x0000000089800000|  0%| F|  |TAMS 0x0000000089700000, 0x0000000089700000| Untracked 
| 152|0x0000000089800000, 0x0000000089800000, 0x0000000089900000|  0%| F|  |TAMS 0x0000000089800000, 0x0000000089800000| Untracked 
| 153|0x0000000089900000, 0x0000000089900000, 0x0000000089a00000|  0%| F|  |TAMS 0x0000000089900000, 0x0000000089900000| Untracked 

Card table byte_map: [0x0000022519e20000,0x000002251a220000] _byte_map_base: 0x0000022519a20000

Marking Bits (Prev, Next): (CMBitMap*) 0x000002250515eef8, (CMBitMap*) 0x000002250515ef30
 Prev Bits: [0x000002251a620000, 0x000002251c620000)
 Next Bits: [0x000002251c620000, 0x000002251e620000)

Polling page: 0x0000022504f10000

Metaspace:

Usage:
  Non-class:     39.92 MB capacity,    39.35 MB ( 99%) used,   472.93 KB (  1%) free+waste,   112.25 KB ( <1%) overhead. 
      Class:      6.21 MB capacity,     5.80 MB ( 93%) used,   369.77 KB (  6%) free+waste,    53.81 KB ( <1%) overhead. 
       Both:     46.14 MB capacity,    45.15 MB ( 98%) used,   842.70 KB (  2%) free+waste,   166.06 KB ( <1%) overhead. 

Virtual space:
  Non-class space:       48.00 MB reserved,      39.95 MB ( 83%) committed 
      Class space:        1.00 GB reserved,       6.25 MB ( <1%) committed 
             Both:        1.05 GB reserved,      46.20 MB (  4%) committed 

Chunk freelists:
   Non-Class:  29.00 KB
       Class:  4.00 KB
        Both:  33.00 KB

MaxMetaspaceSize: 17179869184.00 GB
CompressedClassSpaceSize: 1.00 GB

CodeHeap 'non-profiled nmethods': size=120064Kb used=1776Kb max_used=1776Kb free=118287Kb
 bounds [0x0000022511ec0000, 0x0000022512130000, 0x0000022519400000]
CodeHeap 'profiled nmethods': size=120000Kb used=8431Kb max_used=8431Kb free=111568Kb
 bounds [0x000002250a990000, 0x000002250b1d0000, 0x0000022511ec0000]
CodeHeap 'non-nmethods': size=5696Kb used=2213Kb max_used=2244Kb free=3482Kb
 bounds [0x000002250a400000, 0x000002250a670000, 0x000002250a990000]
 total_blobs=4618 nmethods=3835 adapters=694
 compilation: enabled
              stopped_count=0, restarted_count=0
 full_count=0

Compilation events (20 events):
Event: 25.732 Thread 0x0000022520c86000 3858       4       java.nio.ByteBuffer::limit (8 bytes)
Event: 25.734 Thread 0x0000022520c86000 nmethod 3858 0x000002251207b490 code [0x000002251207b620, 0x000002251207b6f8]
Event: 25.736 Thread 0x0000022520c89800 3862       3       org.gradle.internal.serialize.kryo.KryoBackedDecoder::readString (5 bytes)
Event: 25.737 Thread 0x0000022520c89800 nmethod 3862 0x000002250b1c6e10 code [0x000002250b1c7040, 0x000002250b1c7648]
Event: 25.737 Thread 0x0000022520c89800 3863       3       com.google.common.collect.CollectPreconditions::checkNonnegative (48 bytes)
Event: 25.739 Thread 0x0000022520c89800 nmethod 3863 0x000002250b1c7890 code [0x000002250b1c7b40, 0x000002250b1c8668]
Event: 25.739 Thread 0x0000022520c86000 3864       4       org.gradle.cache.internal.btree.BTreePersistentIndexedCache$IndexEntry::<init> (5 bytes)
Event: 25.740 Thread 0x0000022520c86000 nmethod 3864 0x000002251207b810 code [0x000002251207b9a0, 0x000002251207b9f8]
Event: 25.741 Thread 0x0000022520c89800 3865       3       java.util.HashSet::remove (20 bytes)
Event: 25.741 Thread 0x0000022520c89800 nmethod 3865 0x000002250b1c8b10 code [0x000002250b1c8ce0, 0x000002250b1c8f08]
Event: 25.744 Thread 0x0000022520c89800 3866       3       org.gradle.cache.internal.DefaultCrossBuildInMemoryCacheFactory$AbstractCrossBuildInMemoryCache::getIfPresentWithoutLock (43 bytes)
Event: 25.744 Thread 0x0000022520c89800 nmethod 3866 0x000002250b1c9010 code [0x000002250b1c9200, 0x000002250b1c9608]
Event: 25.746 Thread 0x0000022520c89800 3867       1       com.google.common.cache.LocalCache$StrongEntry::getKey (5 bytes)
Event: 25.746 Thread 0x0000022520c89800 nmethod 3867 0x000002251207ba90 code [0x000002251207bc40, 0x000002251207bcf8]
Event: 25.748 Thread 0x0000022520c89800 3868       3       com.google.common.collect.RegularImmutableMap::fromEntryArray (201 bytes)
Event: 25.751 Thread 0x0000022520c89800 nmethod 3868 0x000002250b1c9710 code [0x000002250b1c9a60, 0x000002250b1cafc8]
Event: 25.751 Thread 0x0000022520c89800 3869       3       org.objectweb.asm.Type::getType (10 bytes)
Event: 25.752 Thread 0x0000022520c89800 nmethod 3869 0x000002250b1cb890 code [0x000002250b1cba60, 0x000002250b1cbc88]
Event: 25.752 Thread 0x0000022520c89800 3870       1       com.google.common.cache.LocalCache$2::offer (2 bytes)
Event: 25.752 Thread 0x0000022520c89800 nmethod 3870 0x000002251207bd90 code [0x000002251207bf40, 0x000002251207bff8]

GC Heap History (20 events):
Event: 6.604 GC heap before
{Heap before GC invocations=2 (full 0):
 garbage-first heap   total 131072K, used 24122K [0x0000000080000000, 0x0000000100000000)
  region size 1024K, 17 young (17408K), 1 survivors (1024K)
 Metaspace       used 11171K, capacity 11456K, committed 11520K, reserved 1058816K
  class space    used 1174K, capacity 1244K, committed 1280K, reserved 1048576K
}
Event: 6.612 GC heap after
{Heap after GC invocations=3 (full 0):
 garbage-first heap   total 131072K, used 9752K [0x0000000080000000, 0x0000000100000000)
  region size 1024K, 2 young (2048K), 2 survivors (2048K)
 Metaspace       used 11171K, capacity 11456K, committed 11520K, reserved 1058816K
  class space    used 1174K, capacity 1244K, committed 1280K, reserved 1048576K
}
Event: 9.382 GC heap before
{Heap before GC invocations=3 (full 0):
 garbage-first heap   total 131072K, used 35352K [0x0000000080000000, 0x0000000100000000)
  region size 1024K, 27 young (27648K), 2 survivors (2048K)
 Metaspace       used 11332K, capacity 11584K, committed 11776K, reserved 1060864K
  class space    used 1177K, capacity 1244K, committed 1280K, reserved 1048576K
}
Event: 9.392 GC heap after
{Heap after GC invocations=4 (full 0):
 garbage-first heap   total 131072K, used 13426K [0x0000000080000000, 0x0000000100000000)
  region size 1024K, 4 young (4096K), 4 survivors (4096K)
 Metaspace       used 11332K, capacity 11584K, committed 11776K, reserved 1060864K
  class space    used 1177K, capacity 1244K, committed 1280K, reserved 1048576K
}
Event: 14.018 GC heap before
{Heap before GC invocations=4 (full 0):
 garbage-first heap   total 131072K, used 52338K [0x0000000080000000, 0x0000000100000000)
  region size 1024K, 42 young (43008K), 4 survivors (4096K)
 Metaspace       used 18130K, capacity 18521K, committed 18688K, reserved 1064960K
  class space    used 2156K, capacity 2285K, committed 2304K, reserved 1048576K
}
Event: 14.038 GC heap after
{Heap after GC invocations=5 (full 0):
 garbage-first heap   total 131072K, used 16846K [0x0000000080000000, 0x0000000100000000)
  region size 1024K, 6 young (6144K), 6 survivors (6144K)
 Metaspace       used 18130K, capacity 18521K, committed 18688K, reserved 1064960K
  class space    used 2156K, capacity 2285K, committed 2304K, reserved 1048576K
}
Event: 15.133 GC heap before
{Heap before GC invocations=5 (full 0):
 garbage-first heap   total 131072K, used 37326K [0x0000000080000000, 0x0000000100000000)
  region size 1024K, 27 young (27648K), 6 survivors (6144K)
 Metaspace       used 20718K, capacity 21180K, committed 21296K, reserved 1069056K
  class space    used 2533K, capacity 2660K, committed 2688K, reserved 1048576K
}
Event: 15.147 GC heap after
{Heap after GC invocations=6 (full 0):
 garbage-first heap   total 131072K, used 17878K [0x0000000080000000, 0x0000000100000000)
  region size 1024K, 4 young (4096K), 4 survivors (4096K)
 Metaspace       used 20718K, capacity 21180K, committed 21296K, reserved 1069056K
  class space    used 2533K, capacity 2660K, committed 2688K, reserved 1048576K
}
Event: 17.599 GC heap before
{Heap before GC invocations=7 (full 0):
 garbage-first heap   total 131072K, used 63958K [0x0000000080000000, 0x0000000100000000)
  region size 1024K, 49 young (50176K), 4 survivors (4096K)
 Metaspace       used 25614K, capacity 26272K, committed 26368K, reserved 1073152K
  class space    used 3325K, capacity 3533K, committed 3584K, reserved 1048576K
}
Event: 17.616 GC heap after
{Heap after GC invocations=8 (full 0):
 garbage-first heap   total 131072K, used 19634K [0x0000000080000000, 0x0000000100000000)
  region size 1024K, 6 young (6144K), 6 survivors (6144K)
 Metaspace       used 25614K, capacity 26272K, committed 26368K, reserved 1073152K
  class space    used 3325K, capacity 3533K, committed 3584K, reserved 1048576K
}
Event: 20.399 GC heap before
{Heap before GC invocations=8 (full 0):
 garbage-first heap   total 131072K, used 73906K [0x0000000080000000, 0x0000000100000000)
  region size 1024K, 59 young (60416K), 6 survivors (6144K)
 Metaspace       used 31685K, capacity 32424K, committed 32768K, reserved 1077248K
  class space    used 4221K, capacity 4504K, committed 4608K, reserved 1048576K
}
Event: 20.436 GC heap after
{Heap after GC invocations=9 (full 0):
 garbage-first heap   total 131072K, used 22422K [0x0000000080000000, 0x0000000100000000)
  region size 1024K, 6 young (6144K), 6 survivors (6144K)
 Metaspace       used 31685K, capacity 32424K, committed 32768K, reserved 1077248K
  class space    used 4221K, capacity 4504K, committed 4608K, reserved 1048576K
}
Event: 21.360 GC heap before
{Heap before GC invocations=9 (full 0):
 garbage-first heap   total 131072K, used 30614K [0x0000000080000000, 0x0000000100000000)
  region size 1024K, 15 young (15360K), 6 survivors (6144K)
 Metaspace       used 35143K, capacity 35922K, committed 36048K, reserved 1081344K
  class space    used 4558K, capacity 4863K, committed 4864K, reserved 1048576K
}
Event: 21.385 GC heap after
{Heap after GC invocations=10 (full 0):
 garbage-first heap   total 131072K, used 23775K [0x0000000080000000, 0x0000000100000000)
  region size 1024K, 6 young (6144K), 6 survivors (6144K)
 Metaspace       used 35143K, capacity 35922K, committed 36048K, reserved 1081344K
  class space    used 4558K, capacity 4863K, committed 4864K, reserved 1048576K
}
Event: 23.411 GC heap before
{Heap before GC invocations=11 (full 0):
 garbage-first heap   total 131072K, used 90335K [0x0000000080000000, 0x0000000100000000)
  region size 1024K, 69 young (70656K), 6 survivors (6144K)
 Metaspace       used 39930K, capacity 40853K, committed 41040K, reserved 1085440K
  class space    used 5093K, capacity 5435K, committed 5504K, reserved 1048576K
}
Event: 23.450 GC heap after
{Heap after GC invocations=12 (full 0):
 garbage-first heap   total 131072K, used 28879K [0x0000000080000000, 0x0000000100000000)
  region size 1024K, 9 young (9216K), 9 survivors (9216K)
 Metaspace       used 39930K, capacity 40853K, committed 41040K, reserved 1085440K
  class space    used 5093K, capacity 5435K, committed 5504K, reserved 1048576K
}
Event: 25.424 GC heap before
{Heap before GC invocations=12 (full 0):
 garbage-first heap   total 131072K, used 93391K [0x0000000080000000, 0x0000000100000000)
  region size 1024K, 71 young (72704K), 9 survivors (9216K)
 Metaspace       used 45776K, capacity 46803K, committed 47056K, reserved 1089536K
  class space    used 5867K, capacity 6279K, committed 6400K, reserved 1048576K
}
Event: 25.571 GC heap after
{Heap after GC invocations=13 (full 0):
 garbage-first heap   total 157696K, used 31040K [0x0000000080000000, 0x0000000100000000)
  region size 1024K, 3 young (3072K), 3 survivors (3072K)
 Metaspace       used 45776K, capacity 46803K, committed 47056K, reserved 1089536K
  class space    used 5867K, capacity 6279K, committed 6400K, reserved 1048576K
}
Event: 25.766 GC heap before
{Heap before GC invocations=13 (full 0):
 garbage-first heap   total 157696K, used 38208K [0x0000000080000000, 0x0000000100000000)
  region size 1024K, 11 young (11264K), 3 survivors (3072K)
 Metaspace       used 46238K, capacity 47247K, committed 47312K, reserved 1095680K
  class space    used 5940K, capacity 6364K, committed 6400K, reserved 1048576K
}
Event: 25.779 GC heap after
{Heap after GC invocations=14 (full 0):
 garbage-first heap   total 157696K, used 30349K [0x0000000080000000, 0x0000000100000000)
  region size 1024K, 3 young (3072K), 3 survivors (3072K)
 Metaspace       used 46238K, capacity 47247K, committed 47312K, reserved 1095680K
  class space    used 5940K, capacity 6364K, committed 6400K, reserved 1048576K
}

Deoptimization events (20 events):
Event: 24.175 Thread 0x0000022522d4a000 DEOPT PACKING pc=0x0000022511fefc68 sp=0x00000055b50f9720
Event: 24.175 Thread 0x0000022522d4a000 DEOPT UNPACKING pc=0x000002250a4265af sp=0x00000055b50f9678 mode 2
Event: 24.257 Thread 0x0000022522d4a000 Uncommon trap: trap_request=0xffffff4d fr.pc=0x0000022511ff0488 relative=0x00000000000000e8
Event: 24.257 Thread 0x0000022522d4a000 Uncommon trap: reason=unstable_if action=reinterpret pc=0x0000022511ff0488 method=org.objectweb.asm.ByteVector.putShort(I)Lorg/objectweb/asm/ByteVector; @ 13 c2
Event: 24.257 Thread 0x0000022522d4a000 DEOPT PACKING pc=0x0000022511ff0488 sp=0x00000055b50f92e0
Event: 24.257 Thread 0x0000022522d4a000 DEOPT UNPACKING pc=0x000002250a4265af sp=0x00000055b50f9278 mode 2
Event: 24.438 Thread 0x0000022522d4a000 DEOPT PACKING pc=0x000002250b072874 sp=0x00000055b50f9ca0
Event: 24.438 Thread 0x0000022522d4a000 DEOPT UNPACKING pc=0x000002250a426d5e sp=0x00000055b50f9240 mode 0
Event: 24.751 Thread 0x0000022522d4a000 Uncommon trap: trap_request=0xffffff4d fr.pc=0x0000022511f4f900 relative=0x00000000000001c0
Event: 24.751 Thread 0x0000022522d4a000 Uncommon trap: reason=unstable_if action=reinterpret pc=0x0000022511f4f900 method=java.net.URI$Parser.scan(IILjava/lang/String;)I @ 26 c2
Event: 24.751 Thread 0x0000022522d4a000 DEOPT PACKING pc=0x0000022511f4f900 sp=0x00000055b50f8f90
Event: 24.751 Thread 0x0000022522d4a000 DEOPT UNPACKING pc=0x000002250a4265af sp=0x00000055b50f8f20 mode 2
Event: 24.751 Thread 0x0000022522d4a000 Uncommon trap: trap_request=0xffffff4d fr.pc=0x0000022511f1c4dc relative=0x000000000000011c
Event: 24.751 Thread 0x0000022522d4a000 Uncommon trap: reason=unstable_if action=reinterpret pc=0x0000022511f1c4dc method=java.net.URI.match(CJJ)Z @ 45 c2
Event: 24.751 Thread 0x0000022522d4a000 DEOPT PACKING pc=0x0000022511f1c4dc sp=0x00000055b50f8d00
Event: 24.751 Thread 0x0000022522d4a000 DEOPT UNPACKING pc=0x000002250a4265af sp=0x00000055b50f8c38 mode 2
Event: 24.751 Thread 0x0000022522d4a000 Uncommon trap: trap_request=0xffffff4d fr.pc=0x0000022511eddf68 relative=0x0000000000000048
Event: 24.751 Thread 0x0000022522d4a000 Uncommon trap: reason=unstable_if action=reinterpret pc=0x0000022511eddf68 method=java.net.URI.match(CJJ)Z @ 19 c2
Event: 24.751 Thread 0x0000022522d4a000 DEOPT PACKING pc=0x0000022511eddf68 sp=0x00000055b50f8d10
Event: 24.751 Thread 0x0000022522d4a000 DEOPT UNPACKING pc=0x000002250a4265af sp=0x00000055b50f8cc0 mode 2

Classes redefined (0 events):
No events

Internal exceptions (20 events):
Event: 23.369 Thread 0x0000022522d4a000 Exception <a 'java/lang/ClassNotFoundException'{0x0000000083b47ec0}: org/gradle/initialization/DefaultProjectDescriptorCustomizer> (0x0000000083b47ec0) thrown at [./src/hotspot/share/classfile/systemDictionary.cpp, line 231]
Event: 23.379 Thread 0x0000022522d4a000 Implicit null exception at 0x0000022512006dec to 0x0000022512006e94
Event: 23.885 Thread 0x0000022522543800 Exception <a 'java/lang/NoSuchMethodError'{0x0000000087f0ef58}: <clinit>> (0x0000000087f0ef58) thrown at [./src/hotspot/share/prims/jni.cpp, line 1362]
Event: 23.886 Thread 0x0000022522543800 Exception <a 'java/lang/NoSuchMethodError'{0x0000000087f10648}: <clinit>> (0x0000000087f10648) thrown at [./src/hotspot/share/prims/jni.cpp, line 1362]
Event: 23.892 Thread 0x0000022522543800 Exception <a 'java/lang/NoSuchMethodError'{0x00000000875092a0}: <clinit>> (0x00000000875092a0) thrown at [./src/hotspot/share/prims/jni.cpp, line 1362]
Event: 23.892 Thread 0x0000022522543800 Exception <a 'java/lang/NoSuchMethodError'{0x000000008750b0f0}: <clinit>> (0x000000008750b0f0) thrown at [./src/hotspot/share/prims/jni.cpp, line 1362]
Event: 23.897 Thread 0x0000022522543800 Exception <a 'java/lang/NoSuchMethodError'{0x000000008751a560}: <clinit>> (0x000000008751a560) thrown at [./src/hotspot/share/prims/jni.cpp, line 1362]
Event: 24.153 Thread 0x0000022522d4a000 Implicit null exception at 0x0000022511fa40f4 to 0x0000022511fa4304
Event: 24.153 Thread 0x0000022522d4a000 Implicit null exception at 0x0000022511f073f8 to 0x0000022511f0748a
Event: 24.520 Thread 0x0000022522d4a000 Exception <a 'java/lang/ClassNotFoundException'{0x000000008622af70}: build_9d5migwdd61fuijh17fgqjxdxBeanInfo> (0x000000008622af70) thrown at [./src/hotspot/share/classfile/systemDictionary.cpp, line 231]
Event: 24.521 Thread 0x0000022522d4a000 Exception <a 'java/lang/ClassNotFoundException'{0x0000000086241468}: org/gradle/api/internal/project/ProjectScriptBeanInfo> (0x0000000086241468) thrown at [./src/hotspot/share/classfile/systemDictionary.cpp, line 231]
Event: 24.522 Thread 0x0000022522d4a000 Exception <a 'java/lang/ClassNotFoundException'{0x00000000862575e0}: org/gradle/api/internal/project/ProjectScriptCustomizer> (0x00000000862575e0) thrown at [./src/hotspot/share/classfile/systemDictionary.cpp, line 231]
Event: 24.525 Thread 0x0000022522d4a000 Exception <a 'java/lang/ClassNotFoundException'{0x0000000086272890}: build_9d5migwdd61fuijh17fgqjxdxCustomizer> (0x0000000086272890) thrown at [./src/hotspot/share/classfile/systemDictionary.cpp, line 231]
Event: 24.550 Thread 0x0000022522d4a000 Exception <a 'java/lang/ClassNotFoundException'{0x00000000862fbf00}: org/gradle/plugin/use/internal/PluginRequestCollector$PluginDependenciesSpecImplBeanInfo> (0x00000000862fbf00) thrown at [./src/hotspot/share/classfile/systemDictionary.cpp, line 231]
Event: 24.552 Thread 0x0000022522d4a000 Exception <a 'java/lang/ClassNotFoundException'{0x000000008612b248}: org/gradle/plugin/use/internal/PluginRequestCollector$PluginDependenciesSpecImplCustomizer> (0x000000008612b248) thrown at [./src/hotspot/share/classfile/systemDictionary.cpp, line 231]
Event: 24.562 Thread 0x0000022522d4a000 Exception <a 'java/lang/ClassNotFoundException'{0x00000000861911c8}: org/gradle/plugin/use/internal/PluginRequestCollector$PluginDependencySpecImplBeanInfo> (0x00000000861911c8) thrown at [./src/hotspot/share/classfile/systemDictionary.cpp, line 231]
Event: 24.564 Thread 0x0000022522d4a000 Exception <a 'java/lang/ClassNotFoundException'{0x00000000861bf238}: org/gradle/plugin/use/internal/PluginRequestCollector$PluginDependencySpecImplCustomizer> (0x00000000861bf238) thrown at [./src/hotspot/share/classfile/systemDictionary.cpp, line 231]
Event: 25.221 Thread 0x0000022522d4a000 Exception <a 'java/lang/IncompatibleClassChangeError'{0x00000000849c2b30}: Found class java.lang.Object, but interface was expected> (0x00000000849c2b30) thrown at [./src/hotspot/share/interpreter/linkResolver.cpp, line 839]
Event: 25.591 Thread 0x0000022522d4a000 Exception <a 'java/lang/NoSuchMethodError'{0x00000000899d7310}: 'int java.lang.invoke.DirectMethodHandle$Holder.invokeStaticInit(java.lang.Object)'> (0x00000000899d7310) thrown at [./src/hotspot/share/interpreter/linkResolver.cpp, line 773]
Event: 25.665 Thread 0x0000022522d4a000 Exception <a 'java/lang/NoSuchMethodError'{0x00000000896961e8}: 'void java.lang.invoke.DirectMethodHandle$Holder.invokeStatic(java.lang.Object, java.lang.Object, java.lang.Object, int, java.lang.Object)'> (0x00000000896961e8) thrown at [./src/hotspot/share/interpreter/linkResolver.cpp, line 773]

Events (20 events):
Event: 25.756 loading class org/gradle/api/artifacts/MinimalExternalModuleDependency done
Event: 25.757 loading class org/gradle/api/internal/notations/DependencyNotationParser$MinimalExternalDependencyNotationConverter
Event: 25.757 loading class org/gradle/api/internal/notations/DependencyNotationParser$MinimalExternalDependencyNotationConverter done
Event: 25.758 loading class org/gradle/internal/typeconversion/TypeFilteringNotationConverter
Event: 25.758 loading class org/gradle/internal/typeconversion/TypeFilteringNotationConverter done
Event: 25.759 loading class org/gradle/api/internal/notations/DependencyFilesNotationConverter
Event: 25.759 loading class org/gradle/api/internal/notations/DependencyFilesNotationConverter done
Event: 25.760 loading class org/gradle/api/internal/notations/DependencyProjectNotationConverter
Event: 25.760 loading class org/gradle/api/internal/notations/DependencyProjectNotationConverter done
Event: 25.760 loading class org/gradle/api/internal/artifacts/dsl/dependencies/DependencyFactory$ClassPathNotation
Event: 25.760 loading class org/gradle/api/internal/artifacts/dsl/dependencies/DependencyFactory$ClassPathNotation done
Event: 25.761 loading class org/gradle/api/internal/notations/DependencyClassPathNotationConverter
Event: 25.761 loading class org/gradle/api/internal/notations/DependencyClassPathNotationConverter done
Event: 25.763 loading class org/gradle/api/internal/notations/DependencyConstraintNotationParser
Event: 25.763 loading class org/gradle/api/internal/notations/DependencyConstraintNotationParser done
Event: 25.764 loading class org/gradle/api/internal/notations/DependencyConstraintNotationParser$MinimalExternalDependencyNotationConverter
Event: 25.764 loading class org/gradle/api/internal/notations/DependencyConstraintNotationParser$MinimalExternalDependencyNotationConverter done
Event: 25.765 loading class org/gradle/api/internal/artifacts/dependencies/DefaultDependencyConstraint
Event: 25.765 loading class org/gradle/api/internal/artifacts/dependencies/DefaultDependencyConstraint done
Event: 25.766 Executing VM operation: CollectForMetadataAllocation


Dynamic libraries:
0x00007ff653e10000 - 0x00007ff653e1a000 	C:\Program Files\Android\Android Studio1\jre\bin\java.exe
0x00007ff875f10000 - 0x00007ff876108000 	C:\Windows\SYSTEM32\ntdll.dll
0x00007ff874ff0000 - 0x00007ff8750ad000 	C:\Windows\System32\KERNEL32.DLL
0x00007ff8736d0000 - 0x00007ff87399e000 	C:\Windows\System32\KERNELBASE.dll
0x00007ff873a00000 - 0x00007ff873b00000 	C:\Windows\System32\ucrtbase.dll
0x00007ff862ee0000 - 0x00007ff862ef7000 	C:\Program Files\Android\Android Studio1\jre\bin\VCRUNTIME140.dll
0x00007ff8530a0000 - 0x00007ff8530b9000 	C:\Program Files\Android\Android Studio1\jre\bin\jli.dll
0x00007ff874550000 - 0x00007ff8746f0000 	C:\Windows\System32\USER32.dll
0x00007ff8739a0000 - 0x00007ff8739c2000 	C:\Windows\System32\win32u.dll
0x00007ff8748a0000 - 0x00007ff8748ca000 	C:\Windows\System32\GDI32.dll
0x00007ff873e60000 - 0x00007ff873f6b000 	C:\Windows\System32\gdi32full.dll
0x00007ff873630000 - 0x00007ff8736cd000 	C:\Windows\System32\msvcp_win.dll
0x00007ff8653e0000 - 0x00007ff86567a000 	C:\Windows\WinSxS\amd64_microsoft.windows.common-controls_6595b64144ccf1df_6.0.19041.1110_none_60b5254171f9507e\COMCTL32.dll
0x00007ff875110000 - 0x00007ff8751ae000 	C:\Windows\System32\msvcrt.dll
0x00007ff8752f0000 - 0x00007ff875320000 	C:\Windows\System32\IMM32.DLL
0x00007ff855450000 - 0x00007ff8554ed000 	C:\Program Files\Android\Android Studio1\jre\bin\msvcp140.dll
0x00007ffffc4b0000 - 0x00007ffffcf85000 	C:\Program Files\Android\Android Studio1\jre\bin\server\jvm.dll
0x00007ff875230000 - 0x00007ff8752de000 	C:\Windows\System32\ADVAPI32.dll
0x00007ff873f70000 - 0x00007ff87400c000 	C:\Windows\System32\sechost.dll
0x00007ff8740c0000 - 0x00007ff8741e5000 	C:\Windows\System32\RPCRT4.dll
0x00007ff875df0000 - 0x00007ff875df8000 	C:\Windows\System32\PSAPI.DLL
0x00007ff870e60000 - 0x00007ff870e69000 	C:\Windows\SYSTEM32\WSOCK32.dll
0x00007ff8748d0000 - 0x00007ff87493b000 	C:\Windows\System32\WS2_32.dll
0x00007ff861530000 - 0x00007ff861557000 	C:\Windows\SYSTEM32\WINMM.dll
0x00007ff863900000 - 0x00007ff86390a000 	C:\Windows\SYSTEM32\VERSION.dll
0x00007ff871440000 - 0x00007ff871452000 	C:\Windows\SYSTEM32\kernel.appcore.dll
0x00007ff862ec0000 - 0x00007ff862ed1000 	C:\Program Files\Android\Android Studio1\jre\bin\verify.dll
0x00007ff862750000 - 0x00007ff862934000 	C:\Windows\SYSTEM32\DBGHELP.DLL
0x00007ff8626c0000 - 0x00007ff8626ec000 	C:\Windows\SYSTEM32\dbgcore.DLL
0x00007ff873c70000 - 0x00007ff873cf2000 	C:\Windows\System32\bcryptPrimitives.dll
0x00007ff85bba0000 - 0x00007ff85bbc9000 	C:\Program Files\Android\Android Studio1\jre\bin\java.dll
0x00007ff869f50000 - 0x00007ff869f5b000 	C:\Program Files\Android\Android Studio1\jre\bin\jimage.dll
0x00007ff8615e0000 - 0x00007ff8615f8000 	C:\Program Files\Android\Android Studio1\jre\bin\zip.dll
0x00007ff8754a0000 - 0x00007ff875be3000 	C:\Windows\System32\SHELL32.dll
0x00007ff871720000 - 0x00007ff871eb5000 	C:\Windows\SYSTEM32\windows.storage.dll
0x00007ff8741f0000 - 0x00007ff874544000 	C:\Windows\System32\combase.dll
0x00007ff872fc0000 - 0x00007ff872ff0000 	C:\Windows\SYSTEM32\Wldp.dll
0x00007ff875bf0000 - 0x00007ff875c9d000 	C:\Windows\System32\SHCORE.dll
0x00007ff874940000 - 0x00007ff874995000 	C:\Windows\System32\shlwapi.dll
0x00007ff873570000 - 0x00007ff87358f000 	C:\Windows\SYSTEM32\profapi.dll
0x00007ff85b950000 - 0x00007ff85b96a000 	C:\Program Files\Android\Android Studio1\jre\bin\net.dll
0x00007ff866a00000 - 0x00007ff866b0a000 	C:\Windows\SYSTEM32\WINHTTP.dll
0x00007ff872d20000 - 0x00007ff872d8a000 	C:\Windows\system32\mswsock.dll
0x00007ff8563d0000 - 0x00007ff8563e4000 	C:\Program Files\Android\Android Studio1\jre\bin\nio.dll
0x00007ff854890000 - 0x00007ff8548b7000 	C:\Users\Admin\.gradle\native\e1d6ef7f7dcc3fd88c89a11ec53ec762bb8ba0a96d01ffa2cd45eb1d1d8dd5c5\windows-amd64\native-platform.dll
0x00007ff81f970000 - 0x00007ff81fab4000 	C:\Users\Admin\.gradle\native\5664cfc778a61ccfe75a443a1ab52a65af34e5dc3c78e0209fed803814484fcb\windows-amd64\native-platform-file-events.dll
0x00007ff864890000 - 0x00007ff86489a000 	C:\Program Files\Android\Android Studio1\jre\bin\management.dll
0x00007ff862f40000 - 0x00007ff862f4d000 	C:\Program Files\Android\Android Studio1\jre\bin\management_ext.dll
0x00007ff872f10000 - 0x00007ff872f28000 	C:\Windows\SYSTEM32\CRYPTSP.dll
0x00007ff8726a0000 - 0x00007ff8726d4000 	C:\Windows\system32\rsaenh.dll
0x00007ff8739d0000 - 0x00007ff8739f7000 	C:\Windows\System32\bcrypt.dll
0x00007ff873530000 - 0x00007ff87355e000 	C:\Windows\SYSTEM32\USERENV.dll
0x00007ff872f30000 - 0x00007ff872f3c000 	C:\Windows\SYSTEM32\CRYPTBASE.dll
0x00007ff872a10000 - 0x00007ff872a4b000 	C:\Windows\SYSTEM32\IPHLPAPI.DLL
0x00007ff8752e0000 - 0x00007ff8752e8000 	C:\Windows\System32\NSI.dll
0x00007ff86b8e0000 - 0x00007ff86b8f7000 	C:\Windows\SYSTEM32\dhcpcsvc6.DLL
0x00007ff86c9c0000 - 0x00007ff86c9dd000 	C:\Windows\SYSTEM32\dhcpcsvc.DLL
0x00007ff872a50000 - 0x00007ff872b1a000 	C:\Windows\SYSTEM32\DNSAPI.dll

dbghelp: loaded successfully - version: 4.0.5 - missing functions: none
symbol engine: initialized successfully - sym options: 0x614 - pdb path: .;C:\Program Files\Android\Android Studio1\jre\bin;C:\Windows\SYSTEM32;C:\Windows\WinSxS\amd64_microsoft.windows.common-controls_6595b64144ccf1df_6.0.19041.1110_none_60b5254171f9507e;C:\Program Files\Android\Android Studio1\jre\bin\server;C:\Users\Admin\.gradle\native\e1d6ef7f7dcc3fd88c89a11ec53ec762bb8ba0a96d01ffa2cd45eb1d1d8dd5c5\windows-amd64;C:\Users\Admin\.gradle\native\5664cfc778a61ccfe75a443a1ab52a65af34e5dc3c78e0209fed803814484fcb\windows-amd64

VM Arguments:
jvm_args: --add-opens=java.base/java.util=ALL-UNNAMED --add-opens=java.base/java.lang=ALL-UNNAMED --add-opens=java.base/java.lang.invoke=ALL-UNNAMED --add-opens=java.base/java.util=ALL-UNNAMED --add-opens=java.prefs/java.util.prefs=ALL-UNNAMED --add-opens=java.prefs/java.util.prefs=ALL-UNNAMED --add-opens=java.base/java.nio.charset=ALL-UNNAMED --add-opens=java.base/java.net=ALL-UNNAMED --add-opens=java.base/java.util.concurrent.atomic=ALL-UNNAMED -Xmx2048m -Dfile.encoding=UTF-8 -Duser.country=RU -Duser.language=ru -Duser.variant 
java_command: org.gradle.launcher.daemon.bootstrap.GradleDaemon 7.2
java_class_path (initial): C:\Users\Admin\.gradle\wrapper\dists\gradle-7.2-bin\2dnblmf4td7x66yl1d74lt32g\gradle-7.2\lib\gradle-launcher-7.2.jar
Launcher Type: SUN_STANDARD

[Global flags]
     intx CICompilerCount                          = 3                                         {product} {ergonomic}
     uint ConcGCThreads                            = 1                                         {product} {ergonomic}
     uint G1ConcRefinementThreads                  = 4                                         {product} {ergonomic}
   size_t G1HeapRegionSize                         = 1048576                                   {product} {ergonomic}
    uintx GCDrainStackTargetSize                   = 64                                        {product} {ergonomic}
   size_t InitialHeapSize                          = 134217728                                 {product} {ergonomic}
   size_t MarkStackSize                            = 4194304                                   {product} {ergonomic}
   size_t MaxHeapSize                              = 2147483648                                {product} {command line}
   size_t MaxNewSize                               = 1287651328                                {product} {ergonomic}
   size_t MinHeapDeltaBytes                        = 1048576                                   {product} {ergonomic}
    uintx NonNMethodCodeHeapSize                   = 5830732                                {pd product} {ergonomic}
    uintx NonProfiledCodeHeapSize                  = 122913754                              {pd product} {ergonomic}
    uintx ProfiledCodeHeapSize                     = 122913754                              {pd product} {ergonomic}
    uintx ReservedCodeCacheSize                    = 251658240                              {pd product} {ergonomic}
     bool SegmentedCodeCache                       = true                                      {product} {ergonomic}
     bool UseCompressedClassPointers               = true                                 {lp64_product} {ergonomic}
     bool UseCompressedOops                        = true                                 {lp64_product} {ergonomic}
     bool UseG1GC                                  = true                                      {product} {ergonomic}
     bool UseLargePagesIndividualAllocation        = false                                  {pd product} {ergonomic}

Logging:
Log output configuration:
 #0: stdout all=warning uptime,level,tags
 #1: stderr all=off uptime,level,tags

Environment Variables:
PATH=C:\Program Files\Common Files\Oracle\Java\javapath;C:\Windows\system32;C:\Windows;C:\Windows\System32\Wbem;C:\Windows\System32\WindowsPowerShell\v1.0\;C:\Windows\System32\OpenSSH\;C:\Program Files\Git\cmd;C:\Users\Admin\AppData\Local\Microsoft\WindowsApps;;C:\Program Files\JetBrains\PyCharm 2020.1\bin;;C:\Program Files\JetBrains\IntelliJ IDEA Community Edition 2021.1\bin;
USERNAME=Admin
OS=Windows_NT
PROCESSOR_IDENTIFIER=Intel64 Family 6 Model 42 Stepping 7, GenuineIntel



---------------  S Y S T E M  ---------------

OS: Windows 10 , 64 bit Build 19041 (10.0.19041.1889)
OS uptime: 0 days 7:45 hours

CPU:total 4 (initial active 4) (2 cores per cpu, 2 threads per core) family 6 model 42 stepping 7 microcode 0x2f, cmov, cx8, fxsr, mmx, sse, sse2, sse3, ssse3, sse4.1, sse4.2, popcnt, avx, aes, clmul, ht, tsc, tscinvbit

Memory: 4k page, system-wide physical 8139M (260M free)
TotalPageFile size 32715M (AvailPageFile size 4M)
current process WorkingSet (physical memory assigned to process): 261M, peak: 261M
current process commit charge ("private bytes"): 327M, peak: 328M

vm_info: OpenJDK 64-Bit Server VM (11.0.11+9-b60-7590822) for windows-amd64 JRE (11.0.11+9-b60-7590822), built on Jul 29 2021 21:43:44 by "builder" with MS VC++ 14.0 (VS2015)

END.
